<?xml version="1.0" encoding="UTF-8"?>
<!-- Generated by org.testng.reporters.JUnitReportReporter -->
<testsuite hostname="shree-PC" name="GithubJenkinsPkg.GithubJenkinsDemo" tests="1" failures="0" timestamp="17 Aug 2016 18:50:34 GMT" time="23.041" errors="0">
  <testcase name="testA" time="23.041" classname="GithubJenkinsPkg.GithubJenkinsDemo"/>
</testsuite> <!-- GithubJenkinsPkg.GithubJenkinsDemo -->
